Traceback (most recent call last):
  File "/Users/horiguchihiroshi/Library/Caches/pypoetry/virtualenvs/dm-book-BiunLL4K-py3.10/lib/python3.10/site-packages/jupyter_cache/executors/utils.py", line 51, in single_nb_execution
    executenb(
  File "/Users/horiguchihiroshi/Library/Caches/pypoetry/virtualenvs/dm-book-BiunLL4K-py3.10/lib/python3.10/site-packages/nbclient/client.py", line 1204, in execute
    return NotebookClient(nb=nb, resources=resources, km=km, **kwargs).execute()
  File "/Users/horiguchihiroshi/Library/Caches/pypoetry/virtualenvs/dm-book-BiunLL4K-py3.10/lib/python3.10/site-packages/nbclient/util.py", line 84, in wrapped
    return just_run(coro(*args, **kwargs))
  File "/Users/horiguchihiroshi/Library/Caches/pypoetry/virtualenvs/dm-book-BiunLL4K-py3.10/lib/python3.10/site-packages/nbclient/util.py", line 62, in just_run
    return loop.run_until_complete(coro)
  File "/Library/Frameworks/Python.framework/Versions/3.10/lib/python3.10/asyncio/base_events.py", line 646, in run_until_complete
    return future.result()
  File "/Users/horiguchihiroshi/Library/Caches/pypoetry/virtualenvs/dm-book-BiunLL4K-py3.10/lib/python3.10/site-packages/nbclient/client.py", line 663, in async_execute
    await self.async_execute_cell(
  File "/Users/horiguchihiroshi/Library/Caches/pypoetry/virtualenvs/dm-book-BiunLL4K-py3.10/lib/python3.10/site-packages/nbclient/client.py", line 965, in async_execute_cell
    await self._check_raise_for_error(cell, cell_index, exec_reply)
  File "/Users/horiguchihiroshi/Library/Caches/pypoetry/virtualenvs/dm-book-BiunLL4K-py3.10/lib/python3.10/site-packages/nbclient/client.py", line 862, in _check_raise_for_error
    raise CellExecutionError.from_cell_and_msg(cell, exec_reply_content)
nbclient.exceptions.CellExecutionError: An error occurred while executing the following cell:
------------------
import numpy as np
from scipy.stats import norm

# Ê≠£Ë¶èÂàÜÂ∏É„Åã„Çâ„Éá„Éº„Çø„Çí„Çµ„É≥„Éó„É´„Åó„Åæ„Åô
np.random.seed(777)
y_rvs = norm.rvs(size=10)
print(y_rvs)
------------------

[0;31m---------------------------------------------------------------------------[0m
[0;31mModuleNotFoundError[0m                       Traceback (most recent call last)
Input [0;32mIn [1][0m, in [0;36m<cell line: 2>[0;34m()[0m
[1;32m      1[0m [38;5;28;01mimport[39;00m [38;5;21;01mnumpy[39;00m [38;5;28;01mas[39;00m [38;5;21;01mnp[39;00m
[0;32m----> 2[0m [38;5;28;01mfrom[39;00m [38;5;21;01mscipy[39;00m[38;5;21;01m.[39;00m[38;5;21;01mstats[39;00m [38;5;28;01mimport[39;00m norm
[1;32m      4[0m [38;5;66;03m# Ê≠£Ë¶èÂàÜÂ∏É„Åã„Çâ„Éá„Éº„Çø„Çí„Çµ„É≥„Éó„É´„Åó„Åæ„Åô[39;00m
[1;32m      5[0m np[38;5;241m.[39mrandom[38;5;241m.[39mseed([38;5;241m777[39m)

[0;31mModuleNotFoundError[0m: No module named 'scipy'
ModuleNotFoundError: No module named 'scipy'

